[0m21:54:08.516412 [debug] [MainThread]: Sending event: {'category': 'dbt', 'action': 'invocation', 'label': 'start', 'context': [<snowplow_tracker.self_describing_json.SelfDescribingJson object at 0x7f225a1ff8c0>, <snowplow_tracker.self_describing_json.SelfDescribingJson object at 0x7f225743d580>, <snowplow_tracker.self_describing_json.SelfDescribingJson object at 0x7f2259e33620>]}


============================== 21:54:08.519917 | 2ed6be2b-9a16-47b6-9bb4-3d83cd31f760 ==============================
[0m21:54:08.519917 [info ] [MainThread]: Running with dbt=1.11.2
[0m21:54:08.520642 [debug] [MainThread]: running dbt with arguments {'profiles_dir': '/home/pkstolarczyk/.dbt', 'send_anonymous_usage_stats': 'True', 'warn_error': 'None', 'target_path': 'None', 'version_check': 'True', 'no_print': 'None', 'use_experimental_parser': 'False', 'introspect': 'True', 'write_json': 'True', 'log_format': 'default', 'debug': 'False', 'static_parser': 'True', 'invocation_command': 'dbt debug', 'log_cache_events': 'False', 'fail_fast': 'False', 'empty': 'None', 'warn_error_options': 'WarnErrorOptionsV2(error=[], warn=[], silence=[])', 'partial_parse': 'True', 'log_path': 'logs', 'indirect_selection': 'eager', 'cache_selected_only': 'False', 'printer_width': '80', 'quiet': 'False', 'use_colors': 'True'}
[0m21:54:08.529515 [info ] [MainThread]: dbt version: 1.11.2
[0m21:54:08.529964 [info ] [MainThread]: python version: 3.12.9
[0m21:54:08.530496 [info ] [MainThread]: python path: /usr/bin/python3
[0m21:54:08.531032 [info ] [MainThread]: os info: Linux-6.1.91.1-microsoft-standard-x86_64-with-glibc2.38
[0m21:54:08.685126 [info ] [MainThread]: Using profiles dir at /home/pkstolarczyk/.dbt
[0m21:54:08.685810 [info ] [MainThread]: Using profiles.yml file at /home/pkstolarczyk/.dbt/profiles.yml
[0m21:54:08.686426 [info ] [MainThread]: Using dbt_project.yml file at /home/pkstolarczyk/dbt_project_repo/dbt_project.yml
[0m21:54:08.687004 [info ] [MainThread]: adapter type: sqlserver
[0m21:54:08.687612 [info ] [MainThread]: adapter version: 1.9.0
[0m21:54:08.688210 [info ] [MainThread]: Configuration:
[0m21:54:08.688776 [info ] [MainThread]:   profiles.yml file [[32mOK found and valid[0m]
[0m21:54:08.689339 [info ] [MainThread]:   dbt_project.yml file [[31mERROR not found[0m]
[0m21:54:08.689895 [info ] [MainThread]: Required dependencies:
[0m21:54:08.690495 [debug] [MainThread]: Executing "git --help"
[0m21:54:08.692534 [debug] [MainThread]: STDOUT: "b"usage: git [-v | --version] [-h | --help] [-C <path>] [-c <name>=<value>]\n           [--exec-path[=<path>]] [--html-path] [--man-path] [--info-path]\n           [-p | --paginate | -P | --no-pager] [--no-replace-objects] [--bare]\n           [--git-dir=<path>] [--work-tree=<path>] [--namespace=<name>]\n           [--config-env=<name>=<envvar>] <command> [<args>]\n\nThese are common Git commands used in various situations:\n\nstart a working area (see also: git help tutorial)\n   clone     Clone a repository into a new directory\n   init      Create an empty Git repository or reinitialize an existing one\n\nwork on the current change (see also: git help everyday)\n   add       Add file contents to the index\n   mv        Move or rename a file, a directory, or a symlink\n   restore   Restore working tree files\n   rm        Remove files from the working tree and from the index\n\nexamine the history and state (see also: git help revisions)\n   bisect    Use binary search to find the commit that introduced a bug\n   diff      Show changes between commits, commit and working tree, etc\n   grep      Print lines matching a pattern\n   log       Show commit logs\n   show      Show various types of objects\n   status    Show the working tree status\n\ngrow, mark and tweak your common history\n   branch    List, create, or delete branches\n   commit    Record changes to the repository\n   merge     Join two or more development histories together\n   rebase    Reapply commits on top of another base tip\n   reset     Reset current HEAD to the specified state\n   switch    Switch branches\n   tag       Create, list, delete or verify a tag object signed with GPG\n\ncollaborate (see also: git help workflows)\n   fetch     Download objects and refs from another repository\n   pull      Fetch from and integrate with another repository or a local branch\n   push      Update remote refs along with associated objects\n\n'git help -a' and 'git help -g' list available subcommands and some\nconcept guides. See 'git help <command>' or 'git help <concept>'\nto read about a specific subcommand or concept.\nSee 'git help git' for an overview of the system.\n""
[0m21:54:08.692948 [debug] [MainThread]: STDERR: "b''"
[0m21:54:08.693252 [info ] [MainThread]:  - git [[32mOK found[0m]

[0m21:54:08.693764 [info ] [MainThread]: Connection:
[0m21:54:08.694389 [info ] [MainThread]:   server: my-server-ps.database.windows.net
[0m21:54:08.694916 [info ] [MainThread]:   database: MyDatabase
[0m21:54:08.695667 [info ] [MainThread]:   schema: dbo
[0m21:54:08.696187 [info ] [MainThread]:   UID: my-server-admin
[0m21:54:08.696754 [info ] [MainThread]:   client_id: None
[0m21:54:08.697274 [info ] [MainThread]:   authentication: sql
[0m21:54:08.697859 [info ] [MainThread]:   encrypt: True
[0m21:54:08.698433 [info ] [MainThread]:   trust_cert: False
[0m21:54:08.698943 [info ] [MainThread]:   retries: 3
[0m21:54:08.699499 [info ] [MainThread]:   login_timeout: 0
[0m21:54:08.700000 [info ] [MainThread]:   query_timeout: 0
[0m21:54:08.700567 [info ] [MainThread]:   trace_flag: False
[0m21:54:08.701069 [info ] [MainThread]:   port: 1433
[0m21:54:08.701866 [info ] [MainThread]: Registered adapter: sqlserver=1.9.0
[0m21:54:08.802984 [debug] [MainThread]: Acquiring new sqlserver connection 'debug'
[0m21:54:08.803499 [debug] [MainThread]: Using sqlserver connection "debug"
[0m21:54:08.803825 [debug] [MainThread]: On debug: select 1 as id
[0m21:54:08.804148 [debug] [MainThread]: Opening a new connection, currently in state init
[0m21:54:08.804640 [debug] [MainThread]: sqlserver adapter: Using connection string: DRIVER={ODBC Driver 18 for SQL Server};SERVER=my-server-ps.database.windows.net,1433;Database=MyDatabase;UID={my-server-admin};PWD=***;encrypt=Yes;TrustServerCertificate=No;APP=dbt-sqlserver/1.9.0
[0m21:54:09.101484 [debug] [MainThread]: sqlserver adapter: Connected to db: MyDatabase
[0m21:54:09.117790 [debug] [MainThread]: SQL status: OK in 0.000 seconds
[0m21:54:09.119464 [debug] [MainThread]: On debug: Close
[0m21:54:09.119852 [info ] [MainThread]:   Connection test: [[32mOK connection ok[0m]

[0m21:54:09.120337 [info ] [MainThread]: [31m1 check failed:[0m
[0m21:54:09.120875 [info ] [MainThread]: Project loading failed for the following reason:
 project path </home/pkstolarczyk/dbt_project_repo/dbt_project.yml> not found

[0m21:54:09.122112 [debug] [MainThread]: Resource report: {"command_name": "debug", "command_success": false, "command_wall_clock_time": 0.6668302, "process_in_blocks": "0", "process_kernel_time": 0.169839, "process_mem_max_rss": "124092", "process_out_blocks": "0", "process_user_time": 1.750346}
[0m21:54:09.122987 [debug] [MainThread]: Command `dbt debug` failed at 21:54:09.122862 after 0.67 seconds
[0m21:54:09.123455 [debug] [MainThread]: Connection 'debug' was properly closed.
[0m21:54:09.123819 [debug] [MainThread]: Sending event: {'category': 'dbt', 'action': 'invocation', 'label': 'end', 'context': [<snowplow_tracker.self_describing_json.SelfDescribingJson object at 0x7f2257d6afc0>, <snowplow_tracker.self_describing_json.SelfDescribingJson object at 0x7f2256e8c530>, <snowplow_tracker.self_describing_json.SelfDescribingJson object at 0x7f225618ee40>]}
[0m21:54:09.124224 [debug] [MainThread]: Flushing usage events
[0m21:54:09.518004 [debug] [MainThread]: An error was encountered while trying to flush usage events
